<?xml version="1.0" encoding="UTF-8"?>
<coverage generated="1644228745897" clover="3.2.0">
  <project timestamp="1644228745897" name="All files">
    <metrics statements="128" coveredstatements="37" conditionals="17" coveredconditionals="0" methods="22" coveredmethods="5" elements="167" coveredelements="42" complexity="0" loc="128" ncloc="128" packages="1" files="1" classes="1"/>
    <file name="Alist.ts" path="D:\HW\homies\010_Collections\src\ts\Alist.ts">
      <metrics statements="128" coveredstatements="37" conditionals="17" coveredconditionals="0" methods="22" coveredmethods="5"/>
      <line num="3" count="1" type="stmt"/>
      <line num="9" count="18" type="stmt"/>
      <line num="10" count="18" type="stmt"/>
      <line num="13" count="1" type="stmt"/>
      <line num="14" count="0" type="stmt"/>
      <line num="16" count="0" type="stmt"/>
      <line num="19" count="1" type="stmt"/>
      <line num="20" count="0" type="stmt"/>
      <line num="21" count="0" type="stmt"/>
      <line num="24" count="1" type="stmt"/>
      <line num="26" count="0" type="stmt"/>
      <line num="27" count="0" type="cond" truecount="0" falsecount="1"/>
      <line num="28" count="0" type="stmt"/>
      <line num="31" count="0" type="stmt"/>
      <line num="35" count="1" type="stmt"/>
      <line num="36" count="0" type="stmt"/>
      <line num="39" count="1" type="stmt"/>
      <line num="40" count="2" type="stmt"/>
      <line num="43" count="1" type="stmt"/>
      <line num="44" count="1" type="stmt"/>
      <line num="45" count="1" type="stmt"/>
      <line num="46" count="1" type="stmt"/>
      <line num="47" count="3" type="stmt"/>
      <line num="49" count="1" type="stmt"/>
      <line num="50" count="2" type="stmt"/>
      <line num="52" count="1" type="stmt"/>
      <line num="55" count="1" type="stmt"/>
      <line num="56" count="0" type="stmt"/>
      <line num="57" count="0" type="stmt"/>
      <line num="58" count="0" type="cond" truecount="0" falsecount="1"/>
      <line num="59" count="0" type="stmt"/>
      <line num="62" count="0" type="stmt"/>
      <line num="65" count="1" type="stmt"/>
      <line num="66" count="0" type="stmt"/>
      <line num="67" count="0" type="stmt"/>
      <line num="68" count="0" type="cond" truecount="0" falsecount="1"/>
      <line num="69" count="0" type="stmt"/>
      <line num="72" count="0" type="stmt"/>
      <line num="75" count="1" type="stmt"/>
      <line num="76" count="0" type="stmt"/>
      <line num="77" count="0" type="stmt"/>
      <line num="78" count="0" type="stmt"/>
      <line num="79" count="0" type="cond" truecount="0" falsecount="1"/>
      <line num="80" count="0" type="stmt"/>
      <line num="81" count="0" type="stmt"/>
      <line num="84" count="0" type="stmt"/>
      <line num="87" count="1" type="stmt"/>
      <line num="88" count="0" type="stmt"/>
      <line num="89" count="0" type="stmt"/>
      <line num="90" count="0" type="stmt"/>
      <line num="91" count="0" type="cond" truecount="0" falsecount="1"/>
      <line num="92" count="0" type="stmt"/>
      <line num="93" count="0" type="stmt"/>
      <line num="96" count="0" type="stmt"/>
      <line num="99" count="1" type="stmt"/>
      <line num="100" count="0" type="stmt"/>
      <line num="101" count="0" type="stmt"/>
      <line num="105" count="1" type="stmt"/>
      <line num="106" count="0" type="stmt"/>
      <line num="107" count="0" type="stmt"/>
      <line num="108" count="0" type="stmt"/>
      <line num="109" count="0" type="stmt"/>
      <line num="111" count="0" type="cond" truecount="0" falsecount="1"/>
      <line num="112" count="0" type="stmt"/>
      <line num="117" count="0" type="cond" truecount="0" falsecount="1"/>
      <line num="118" count="0" type="stmt"/>
      <line num="121" count="0" type="stmt"/>
      <line num="122" count="0" type="stmt"/>
      <line num="125" count="1" type="stmt"/>
      <line num="126" count="0" type="stmt"/>
      <line num="127" count="0" type="stmt"/>
      <line num="128" count="0" type="stmt"/>
      <line num="129" count="0" type="stmt"/>
      <line num="131" count="0" type="cond" truecount="0" falsecount="1"/>
      <line num="132" count="0" type="stmt"/>
      <line num="137" count="0" type="cond" truecount="0" falsecount="1"/>
      <line num="138" count="0" type="stmt"/>
      <line num="141" count="0" type="stmt"/>
      <line num="142" count="0" type="stmt"/>
      <line num="145" count="1" type="stmt"/>
      <line num="146" count="0" type="stmt"/>
      <line num="147" count="0" type="stmt"/>
      <line num="148" count="0" type="stmt"/>
      <line num="150" count="0" type="stmt"/>
      <line num="153" count="1" type="stmt"/>
      <line num="154" count="0" type="cond" truecount="0" falsecount="1"/>
      <line num="155" count="0" type="stmt"/>
      <line num="159" count="1" type="stmt"/>
      <line num="160" count="0" type="stmt"/>
      <line num="163" count="0" type="cond" truecount="0" falsecount="1"/>
      <line num="164" count="0" type="stmt"/>
      <line num="167" count="0" type="stmt"/>
      <line num="168" count="0" type="stmt"/>
      <line num="169" count="0" type="stmt"/>
      <line num="170" count="0" type="stmt"/>
      <line num="171" count="0" type="cond" truecount="0" falsecount="2"/>
      <line num="172" count="0" type="stmt"/>
      <line num="174" count="0" type="stmt"/>
      <line num="177" count="0" type="stmt"/>
      <line num="179" count="0" type="stmt"/>
      <line num="182" count="1" type="stmt"/>
      <line num="183" count="0" type="stmt"/>
      <line num="185" count="0" type="stmt"/>
      <line num="186" count="0" type="stmt"/>
      <line num="189" count="0" type="stmt"/>
      <line num="192" count="1" type="stmt"/>
      <line num="193" count="2" type="stmt"/>
      <line num="196" count="1" type="stmt"/>
      <line num="197" count="0" type="stmt"/>
      <line num="198" count="0" type="stmt"/>
      <line num="199" count="0" type="stmt"/>
      <line num="200" count="0" type="stmt"/>
      <line num="201" count="0" type="cond" truecount="0" falsecount="2"/>
      <line num="202" count="0" type="stmt"/>
      <line num="204" count="0" type="cond" truecount="0" falsecount="2"/>
      <line num="205" count="0" type="stmt"/>
      <line num="206" count="0" type="stmt"/>
      <line num="208" count="0" type="stmt"/>
      <line num="212" count="0" type="stmt"/>
      <line num="213" count="0" type="stmt"/>
      <line num="214" count="0" type="stmt"/>
      <line num="215" count="0" type="stmt"/>
      <line num="218" count="1" type="stmt"/>
      <line num="220" count="1" type="stmt"/>
      <line num="221" count="1" type="stmt"/>
      <line num="222" count="1" type="stmt"/>
      <line num="223" count="1" type="stmt"/>
      <line num="225" count="1" type="stmt"/>
    </file>
  </project>
</coverage>
