{"D:\\HW\\homies\\010_Collections\\src\\ts\\Alist.ts": {"path":"D:\\HW\\homies\\010_Collections\\src\\ts\\Alist.ts","statementMap":{"0":{"start":{"line":3,"column":0},"end":{"line":3,"column":13}},"1":{"start":{"line":9,"column":8},"end":{"line":9,"column":25}},"2":{"start":{"line":10,"column":8},"end":{"line":10,"column":38}},"3":{"start":{"line":13,"column":4},"end":{"line":17,"column":null}},"4":{"start":{"line":14,"column":8},"end":{"line":14,"column":38}},"5":{"start":{"line":16,"column":8},"end":{"line":16,"column":null}},"6":{"start":{"line":19,"column":4},"end":{"line":22,"column":null}},"7":{"start":{"line":20,"column":8},"end":{"line":20,"column":30}},"8":{"start":{"line":21,"column":8},"end":{"line":21,"column":22}},"9":{"start":{"line":24,"column":4},"end":{"line":33,"column":null}},"10":{"start":{"line":26,"column":8},"end":{"line":30,"column":null}},"11":{"start":{"line":26,"column":21},"end":{"line":26,"column":22}},"12":{"start":{"line":27,"column":12},"end":{"line":29,"column":null}},"13":{"start":{"line":28,"column":16},"end":{"line":28,"column":null}},"14":{"start":{"line":31,"column":8},"end":{"line":31,"column":null}},"15":{"start":{"line":35,"column":4},"end":{"line":37,"column":null}},"16":{"start":{"line":36,"column":8},"end":{"line":36,"column":null}},"17":{"start":{"line":39,"column":4},"end":{"line":41,"column":null}},"18":{"start":{"line":40,"column":8},"end":{"line":40,"column":25}},"19":{"start":{"line":43,"column":4},"end":{"line":53,"column":null}},"20":{"start":{"line":44,"column":21},"end":{"line":44,"column":55}},"21":{"start":{"line":45,"column":18},"end":{"line":45,"column":20}},"22":{"start":{"line":46,"column":8},"end":{"line":48,"column":null}},"23":{"start":{"line":46,"column":21},"end":{"line":46,"column":29}},"24":{"start":{"line":47,"column":12},"end":{"line":47,"column":null}},"25":{"start":{"line":49,"column":8},"end":{"line":51,"column":null}},"26":{"start":{"line":49,"column":21},"end":{"line":49,"column":22}},"27":{"start":{"line":50,"column":12},"end":{"line":50,"column":null}},"28":{"start":{"line":52,"column":8},"end":{"line":52,"column":25}},"29":{"start":{"line":55,"column":4},"end":{"line":63,"column":null}},"30":{"start":{"line":56,"column":29},"end":{"line":56,"column":42}},"31":{"start":{"line":57,"column":8},"end":{"line":61,"column":null}},"32":{"start":{"line":57,"column":21},"end":{"line":57,"column":22}},"33":{"start":{"line":58,"column":12},"end":{"line":60,"column":null}},"34":{"start":{"line":59,"column":16},"end":{"line":59,"column":47}},"35":{"start":{"line":62,"column":8},"end":{"line":62,"column":30}},"36":{"start":{"line":65,"column":4},"end":{"line":73,"column":null}},"37":{"start":{"line":66,"column":29},"end":{"line":66,"column":42}},"38":{"start":{"line":67,"column":8},"end":{"line":71,"column":null}},"39":{"start":{"line":67,"column":21},"end":{"line":67,"column":22}},"40":{"start":{"line":68,"column":12},"end":{"line":70,"column":null}},"41":{"start":{"line":69,"column":16},"end":{"line":69,"column":47}},"42":{"start":{"line":72,"column":8},"end":{"line":72,"column":30}},"43":{"start":{"line":75,"column":4},"end":{"line":85,"column":null}},"44":{"start":{"line":76,"column":29},"end":{"line":76,"column":42}},"45":{"start":{"line":77,"column":27},"end":{"line":77,"column":28}},"46":{"start":{"line":78,"column":8},"end":{"line":83,"column":null}},"47":{"start":{"line":78,"column":21},"end":{"line":78,"column":22}},"48":{"start":{"line":79,"column":12},"end":{"line":82,"column":null}},"49":{"start":{"line":80,"column":16},"end":{"line":80,"column":47}},"50":{"start":{"line":81,"column":16},"end":{"line":81,"column":33}},"51":{"start":{"line":84,"column":8},"end":{"line":84,"column":28}},"52":{"start":{"line":87,"column":4},"end":{"line":97,"column":null}},"53":{"start":{"line":88,"column":29},"end":{"line":88,"column":42}},"54":{"start":{"line":89,"column":27},"end":{"line":89,"column":28}},"55":{"start":{"line":90,"column":8},"end":{"line":95,"column":null}},"56":{"start":{"line":90,"column":21},"end":{"line":90,"column":22}},"57":{"start":{"line":91,"column":12},"end":{"line":94,"column":null}},"58":{"start":{"line":92,"column":16},"end":{"line":92,"column":47}},"59":{"start":{"line":93,"column":16},"end":{"line":93,"column":33}},"60":{"start":{"line":96,"column":8},"end":{"line":96,"column":28}},"61":{"start":{"line":99,"column":4},"end":{"line":103,"column":null}},"62":{"start":{"line":100,"column":8},"end":{"line":102,"column":null}},"63":{"start":{"line":100,"column":21},"end":{"line":100,"column":22}},"64":{"start":{"line":101,"column":12},"end":{"line":101,"column":null}},"65":{"start":{"line":105,"column":4},"end":{"line":123,"column":null}},"66":{"start":{"line":106,"column":21},"end":{"line":106,"column":23}},"67":{"start":{"line":107,"column":8},"end":{"line":120,"column":null}},"68":{"start":{"line":107,"column":21},"end":{"line":107,"column":22}},"69":{"start":{"line":108,"column":26},"end":{"line":108,"column":31}},"70":{"start":{"line":109,"column":12},"end":{"line":115,"column":null}},"71":{"start":{"line":109,"column":25},"end":{"line":109,"column":26}},"72":{"start":{"line":111,"column":16},"end":{"line":113,"column":null}},"73":{"start":{"line":112,"column":20},"end":{"line":112,"column":35}},"74":{"start":{"line":117,"column":12},"end":{"line":119,"column":null}},"75":{"start":{"line":118,"column":16},"end":{"line":118,"column":null}},"76":{"start":{"line":121,"column":8},"end":{"line":121,"column":null}},"77":{"start":{"line":122,"column":8},"end":{"line":122,"column":null}},"78":{"start":{"line":125,"column":4},"end":{"line":143,"column":null}},"79":{"start":{"line":126,"column":21},"end":{"line":126,"column":23}},"80":{"start":{"line":127,"column":8},"end":{"line":140,"column":null}},"81":{"start":{"line":127,"column":21},"end":{"line":127,"column":22}},"82":{"start":{"line":128,"column":26},"end":{"line":128,"column":31}},"83":{"start":{"line":129,"column":12},"end":{"line":135,"column":null}},"84":{"start":{"line":129,"column":25},"end":{"line":129,"column":26}},"85":{"start":{"line":131,"column":16},"end":{"line":133,"column":null}},"86":{"start":{"line":132,"column":20},"end":{"line":132,"column":35}},"87":{"start":{"line":137,"column":12},"end":{"line":139,"column":null}},"88":{"start":{"line":138,"column":16},"end":{"line":138,"column":null}},"89":{"start":{"line":141,"column":8},"end":{"line":141,"column":null}},"90":{"start":{"line":142,"column":8},"end":{"line":142,"column":null}},"91":{"start":{"line":145,"column":4},"end":{"line":151,"column":null}},"92":{"start":{"line":146,"column":21},"end":{"line":146,"column":23}},"93":{"start":{"line":147,"column":8},"end":{"line":149,"column":null}},"94":{"start":{"line":147,"column":21},"end":{"line":147,"column":34}},"95":{"start":{"line":148,"column":12},"end":{"line":148,"column":54}},"96":{"start":{"line":150,"column":8},"end":{"line":150,"column":28}},"97":{"start":{"line":153,"column":4},"end":{"line":157,"column":null}},"98":{"start":{"line":154,"column":8},"end":{"line":156,"column":null}},"99":{"start":{"line":155,"column":12},"end":{"line":155,"column":38}},"100":{"start":{"line":159,"column":4},"end":{"line":180,"column":null}},"101":{"start":{"line":160,"column":28},"end":{"line":160,"column":46}},"102":{"start":{"line":163,"column":12},"end":{"line":165,"column":null}},"103":{"start":{"line":164,"column":16},"end":{"line":164,"column":null}},"104":{"start":{"line":167,"column":24},"end":{"line":167,"column":30}},"105":{"start":{"line":168,"column":23},"end":{"line":168,"column":25}},"106":{"start":{"line":169,"column":24},"end":{"line":169,"column":26}},"107":{"start":{"line":170,"column":12},"end":{"line":176,"column":null}},"108":{"start":{"line":170,"column":25},"end":{"line":170,"column":26}},"109":{"start":{"line":171,"column":16},"end":{"line":175,"column":null}},"110":{"start":{"line":172,"column":20},"end":{"line":172,"column":null}},"111":{"start":{"line":174,"column":20},"end":{"line":174,"column":null}},"112":{"start":{"line":177,"column":12},"end":{"line":177,"column":61}},"113":{"start":{"line":179,"column":8},"end":{"line":179,"column":null}},"114":{"start":{"line":182,"column":4},"end":{"line":190,"column":null}},"115":{"start":{"line":183,"column":21},"end":{"line":183,"column":23}},"116":{"start":{"line":185,"column":8},"end":{"line":187,"column":null}},"117":{"start":{"line":185,"column":21},"end":{"line":185,"column":22}},"118":{"start":{"line":186,"column":12},"end":{"line":186,"column":null}},"119":{"start":{"line":189,"column":8},"end":{"line":189,"column":null}},"120":{"start":{"line":192,"column":4},"end":{"line":194,"column":null}},"121":{"start":{"line":193,"column":8},"end":{"line":193,"column":26}},"122":{"start":{"line":196,"column":4},"end":{"line":216,"column":null}},"123":{"start":{"line":197,"column":24},"end":{"line":197,"column":29}},"124":{"start":{"line":198,"column":21},"end":{"line":198,"column":23}},"125":{"start":{"line":199,"column":26},"end":{"line":199,"column":39}},"126":{"start":{"line":200,"column":8},"end":{"line":211,"column":null}},"127":{"start":{"line":200,"column":21},"end":{"line":200,"column":22}},"128":{"start":{"line":201,"column":12},"end":{"line":210,"column":null}},"129":{"start":{"line":202,"column":16},"end":{"line":202,"column":54}},"130":{"start":{"line":204,"column":16},"end":{"line":209,"column":null}},"131":{"start":{"line":205,"column":20},"end":{"line":205,"column":37}},"132":{"start":{"line":206,"column":20},"end":{"line":206,"column":null}},"133":{"start":{"line":208,"column":20},"end":{"line":208,"column":58}},"134":{"start":{"line":212,"column":8},"end":{"line":212,"column":null}},"135":{"start":{"line":213,"column":8},"end":{"line":213,"column":null}},"136":{"start":{"line":214,"column":8},"end":{"line":214,"column":null}},"137":{"start":{"line":215,"column":8},"end":{"line":215,"column":null}},"138":{"start":{"line":218,"column":0},"end":{"line":218,"column":null}},"139":{"start":{"line":3,"column":13},"end":{"line":3,"column":18}},"140":{"start":{"line":220,"column":14},"end":{"line":220,"column":36}},"141":{"start":{"line":221,"column":0},"end":{"line":221,"column":null}},"142":{"start":{"line":222,"column":0},"end":{"line":222,"column":null}},"143":{"start":{"line":223,"column":0},"end":{"line":223,"column":null}},"144":{"start":{"line":225,"column":0},"end":{"line":225,"column":null}}},"fnMap":{"0":{"name":"(anonymous_0)","decl":{"start":{"line":3,"column":0},"end":{"line":3,"column":13}},"loc":{"start":{"line":3,"column":0},"end":{"line":218,"column":null}}},"1":{"name":"AList","decl":{"start":{"line":8,"column":4},"end":{"line":8,"column":16}},"loc":{"start":{"line":8,"column":19},"end":{"line":11,"column":5}}},"2":{"name":"(anonymous_2)","decl":{"start":{"line":13,"column":4},"end":{"line":13,"column":7}},"loc":{"start":{"line":13,"column":13},"end":{"line":17,"column":5}}},"3":{"name":"(anonymous_3)","decl":{"start":{"line":19,"column":4},"end":{"line":19,"column":9}},"loc":{"start":{"line":19,"column":4},"end":{"line":22,"column":5}}},"4":{"name":"(anonymous_4)","decl":{"start":{"line":24,"column":4},"end":{"line":24,"column":12}},"loc":{"start":{"line":24,"column":18},"end":{"line":33,"column":5}}},"5":{"name":"(anonymous_5)","decl":{"start":{"line":35,"column":4},"end":{"line":35,"column":7}},"loc":{"start":{"line":35,"column":13},"end":{"line":37,"column":5}}},"6":{"name":"(anonymous_6)","decl":{"start":{"line":39,"column":4},"end":{"line":39,"column":11}},"loc":{"start":{"line":39,"column":4},"end":{"line":41,"column":5}}},"7":{"name":"(anonymous_7)","decl":{"start":{"line":43,"column":4},"end":{"line":43,"column":15}},"loc":{"start":{"line":43,"column":4},"end":{"line":53,"column":5}}},"8":{"name":"(anonymous_8)","decl":{"start":{"line":55,"column":4},"end":{"line":55,"column":12}},"loc":{"start":{"line":55,"column":4},"end":{"line":63,"column":5}}},"9":{"name":"(anonymous_9)","decl":{"start":{"line":65,"column":4},"end":{"line":65,"column":12}},"loc":{"start":{"line":65,"column":4},"end":{"line":73,"column":5}}},"10":{"name":"(anonymous_10)","decl":{"start":{"line":75,"column":4},"end":{"line":75,"column":12}},"loc":{"start":{"line":75,"column":4},"end":{"line":85,"column":5}}},"11":{"name":"(anonymous_11)","decl":{"start":{"line":87,"column":4},"end":{"line":87,"column":12}},"loc":{"start":{"line":87,"column":4},"end":{"line":97,"column":5}}},"12":{"name":"(anonymous_12)","decl":{"start":{"line":99,"column":4},"end":{"line":99,"column":9}},"loc":{"start":{"line":99,"column":4},"end":{"line":103,"column":5}}},"13":{"name":"(anonymous_13)","decl":{"start":{"line":105,"column":4},"end":{"line":105,"column":13}},"loc":{"start":{"line":105,"column":19},"end":{"line":123,"column":5}}},"14":{"name":"(anonymous_14)","decl":{"start":{"line":125,"column":4},"end":{"line":125,"column":13}},"loc":{"start":{"line":125,"column":19},"end":{"line":143,"column":5}}},"15":{"name":"(anonymous_15)","decl":{"start":{"line":145,"column":4},"end":{"line":145,"column":11}},"loc":{"start":{"line":145,"column":4},"end":{"line":151,"column":5}}},"16":{"name":"(anonymous_16)","decl":{"start":{"line":153,"column":4},"end":{"line":153,"column":7}},"loc":{"start":{"line":153,"column":20},"end":{"line":157,"column":5}}},"17":{"name":"(anonymous_17)","decl":{"start":{"line":159,"column":4},"end":{"line":159,"column":8}},"loc":{"start":{"line":159,"column":4},"end":{"line":180,"column":5}}},"18":{"name":"doSort","decl":{"start":{"line":161,"column":17},"end":{"line":161,"column":23}},"loc":{"start":{"line":161,"column":28},"end":{"line":178,"column":9}}},"19":{"name":"(anonymous_19)","decl":{"start":{"line":182,"column":4},"end":{"line":182,"column":12}},"loc":{"start":{"line":182,"column":4},"end":{"line":190,"column":5}}},"20":{"name":"(anonymous_20)","decl":{"start":{"line":192,"column":4},"end":{"line":192,"column":11}},"loc":{"start":{"line":192,"column":4},"end":{"line":194,"column":5}}},"21":{"name":"(anonymous_21)","decl":{"start":{"line":196,"column":4},"end":{"line":196,"column":10}},"loc":{"start":{"line":196,"column":16},"end":{"line":216,"column":5}}}},"branchMap":{"0":{"loc":{"start":{"line":27,"column":12},"end":{"line":29,"column":null}},"type":"if","locations":[{"start":{"line":27,"column":12},"end":{"line":29,"column":null}}]},"1":{"loc":{"start":{"line":58,"column":12},"end":{"line":60,"column":null}},"type":"if","locations":[{"start":{"line":58,"column":12},"end":{"line":60,"column":null}}]},"2":{"loc":{"start":{"line":68,"column":12},"end":{"line":70,"column":null}},"type":"if","locations":[{"start":{"line":68,"column":12},"end":{"line":70,"column":null}}]},"3":{"loc":{"start":{"line":79,"column":12},"end":{"line":82,"column":null}},"type":"if","locations":[{"start":{"line":79,"column":12},"end":{"line":82,"column":null}}]},"4":{"loc":{"start":{"line":91,"column":12},"end":{"line":94,"column":null}},"type":"if","locations":[{"start":{"line":91,"column":12},"end":{"line":94,"column":null}}]},"5":{"loc":{"start":{"line":111,"column":16},"end":{"line":113,"column":null}},"type":"if","locations":[{"start":{"line":111,"column":16},"end":{"line":113,"column":null}}]},"6":{"loc":{"start":{"line":117,"column":12},"end":{"line":119,"column":null}},"type":"if","locations":[{"start":{"line":117,"column":12},"end":{"line":119,"column":null}}]},"7":{"loc":{"start":{"line":131,"column":16},"end":{"line":133,"column":null}},"type":"if","locations":[{"start":{"line":131,"column":16},"end":{"line":133,"column":null}}]},"8":{"loc":{"start":{"line":137,"column":12},"end":{"line":139,"column":null}},"type":"if","locations":[{"start":{"line":137,"column":12},"end":{"line":139,"column":null}}]},"9":{"loc":{"start":{"line":154,"column":8},"end":{"line":156,"column":null}},"type":"if","locations":[{"start":{"line":154,"column":8},"end":{"line":156,"column":null}}]},"10":{"loc":{"start":{"line":163,"column":12},"end":{"line":165,"column":null}},"type":"if","locations":[{"start":{"line":163,"column":12},"end":{"line":165,"column":null}}]},"11":{"loc":{"start":{"line":171,"column":16},"end":{"line":175,"column":null}},"type":"if","locations":[{"start":{"line":171,"column":16},"end":{"line":175,"column":null}},{"start":{"line":173,"column":23},"end":{"line":175,"column":null}}]},"12":{"loc":{"start":{"line":201,"column":12},"end":{"line":210,"column":null}},"type":"if","locations":[{"start":{"line":201,"column":12},"end":{"line":210,"column":null}},{"start":{"line":203,"column":20},"end":{"line":210,"column":null}}]},"13":{"loc":{"start":{"line":204,"column":16},"end":{"line":209,"column":null}},"type":"if","locations":[{"start":{"line":204,"column":16},"end":{"line":209,"column":null}},{"start":{"line":207,"column":23},"end":{"line":209,"column":null}}]}},"s":{"0":1,"1":18,"2":18,"3":1,"4":0,"5":0,"6":1,"7":0,"8":0,"9":1,"10":0,"11":0,"12":0,"13":0,"14":0,"15":1,"16":0,"17":1,"18":2,"19":1,"20":1,"21":1,"22":1,"23":1,"24":3,"25":1,"26":1,"27":2,"28":1,"29":1,"30":0,"31":0,"32":0,"33":0,"34":0,"35":0,"36":1,"37":0,"38":0,"39":0,"40":0,"41":0,"42":0,"43":1,"44":0,"45":0,"46":0,"47":0,"48":0,"49":0,"50":0,"51":0,"52":1,"53":0,"54":0,"55":0,"56":0,"57":0,"58":0,"59":0,"60":0,"61":1,"62":0,"63":0,"64":0,"65":1,"66":0,"67":0,"68":0,"69":0,"70":0,"71":0,"72":0,"73":0,"74":0,"75":0,"76":0,"77":0,"78":1,"79":0,"80":0,"81":0,"82":0,"83":0,"84":0,"85":0,"86":0,"87":0,"88":0,"89":0,"90":0,"91":1,"92":0,"93":0,"94":0,"95":0,"96":0,"97":1,"98":0,"99":0,"100":1,"101":0,"102":0,"103":0,"104":0,"105":0,"106":0,"107":0,"108":0,"109":0,"110":0,"111":0,"112":0,"113":0,"114":1,"115":0,"116":0,"117":0,"118":0,"119":0,"120":1,"121":2,"122":1,"123":0,"124":0,"125":0,"126":0,"127":0,"128":0,"129":0,"130":0,"131":0,"132":0,"133":0,"134":0,"135":0,"136":0,"137":0,"138":1,"139":1,"140":1,"141":1,"142":1,"143":1,"144":1},"f":{"0":1,"1":18,"2":0,"3":0,"4":0,"5":0,"6":2,"7":1,"8":0,"9":0,"10":0,"11":0,"12":0,"13":0,"14":0,"15":0,"16":0,"17":0,"18":0,"19":0,"20":2,"21":0},"b":{"0":[0],"1":[0],"2":[0],"3":[0],"4":[0],"5":[0],"6":[0],"7":[0],"8":[0],"9":[0],"10":[0],"11":[0,0],"12":[0,0],"13":[0,0]}}
}
