TN:
SF:src\ts\Alist.ts
FN:3,(anonymous_0)
FN:8,AList
FN:13,(anonymous_2)
FN:19,(anonymous_3)
FN:24,(anonymous_4)
FN:35,(anonymous_5)
FN:39,(anonymous_6)
FN:43,(anonymous_7)
FN:55,(anonymous_8)
FN:65,(anonymous_9)
FN:75,(anonymous_10)
FN:87,(anonymous_11)
FN:99,(anonymous_12)
FN:105,(anonymous_13)
FN:125,(anonymous_14)
FN:145,(anonymous_15)
FN:153,(anonymous_16)
FN:159,(anonymous_17)
FN:161,doSort
FN:182,(anonymous_19)
FN:192,(anonymous_20)
FN:196,(anonymous_21)
FNF:22
FNH:5
FNDA:1,(anonymous_0)
FNDA:18,AList
FNDA:0,(anonymous_2)
FNDA:0,(anonymous_3)
FNDA:0,(anonymous_4)
FNDA:0,(anonymous_5)
FNDA:2,(anonymous_6)
FNDA:1,(anonymous_7)
FNDA:0,(anonymous_8)
FNDA:0,(anonymous_9)
FNDA:0,(anonymous_10)
FNDA:0,(anonymous_11)
FNDA:0,(anonymous_12)
FNDA:0,(anonymous_13)
FNDA:0,(anonymous_14)
FNDA:0,(anonymous_15)
FNDA:0,(anonymous_16)
FNDA:0,(anonymous_17)
FNDA:0,doSort
FNDA:0,(anonymous_19)
FNDA:2,(anonymous_20)
FNDA:0,(anonymous_21)
DA:3,1
DA:9,18
DA:10,18
DA:13,1
DA:14,0
DA:16,0
DA:19,1
DA:20,0
DA:21,0
DA:24,1
DA:26,0
DA:27,0
DA:28,0
DA:31,0
DA:35,1
DA:36,0
DA:39,1
DA:40,2
DA:43,1
DA:44,1
DA:45,1
DA:46,1
DA:47,3
DA:49,1
DA:50,2
DA:52,1
DA:55,1
DA:56,0
DA:57,0
DA:58,0
DA:59,0
DA:62,0
DA:65,1
DA:66,0
DA:67,0
DA:68,0
DA:69,0
DA:72,0
DA:75,1
DA:76,0
DA:77,0
DA:78,0
DA:79,0
DA:80,0
DA:81,0
DA:84,0
DA:87,1
DA:88,0
DA:89,0
DA:90,0
DA:91,0
DA:92,0
DA:93,0
DA:96,0
DA:99,1
DA:100,0
DA:101,0
DA:105,1
DA:106,0
DA:107,0
DA:108,0
DA:109,0
DA:111,0
DA:112,0
DA:117,0
DA:118,0
DA:121,0
DA:122,0
DA:125,1
DA:126,0
DA:127,0
DA:128,0
DA:129,0
DA:131,0
DA:132,0
DA:137,0
DA:138,0
DA:141,0
DA:142,0
DA:145,1
DA:146,0
DA:147,0
DA:148,0
DA:150,0
DA:153,1
DA:154,0
DA:155,0
DA:159,1
DA:160,0
DA:163,0
DA:164,0
DA:167,0
DA:168,0
DA:169,0
DA:170,0
DA:171,0
DA:172,0
DA:174,0
DA:177,0
DA:179,0
DA:182,1
DA:183,0
DA:185,0
DA:186,0
DA:189,0
DA:192,1
DA:193,2
DA:196,1
DA:197,0
DA:198,0
DA:199,0
DA:200,0
DA:201,0
DA:202,0
DA:204,0
DA:205,0
DA:206,0
DA:208,0
DA:212,0
DA:213,0
DA:214,0
DA:215,0
DA:218,1
DA:220,1
DA:221,1
DA:222,1
DA:223,1
DA:225,1
LF:128
LH:37
BRDA:27,0,0,0
BRDA:58,1,0,0
BRDA:68,2,0,0
BRDA:79,3,0,0
BRDA:91,4,0,0
BRDA:111,5,0,0
BRDA:117,6,0,0
BRDA:131,7,0,0
BRDA:137,8,0,0
BRDA:154,9,0,0
BRDA:163,10,0,0
BRDA:171,11,0,0
BRDA:171,11,1,0
BRDA:201,12,0,0
BRDA:201,12,1,0
BRDA:204,13,0,0
BRDA:204,13,1,0
BRF:17
BRH:0
end_of_record
