<?xml version="1.0" encoding="UTF-8"?>
<coverage generated="1641988756685" clover="3.2.0">
  <project timestamp="1641988756685" name="All files">
    <metrics statements="12" coveredstatements="11" conditionals="2" coveredconditionals="2" methods="3" coveredmethods="2" elements="17" coveredelements="15" complexity="0" loc="12" ncloc="12" packages="1" files="1" classes="1"/>
    <file name="task_4.js" path="D:\HW\homies\08_Closure\str\task_4.js">
      <metrics statements="12" coveredstatements="11" conditionals="2" coveredconditionals="2" methods="3" coveredmethods="2"/>
      <line num="2" count="0" type="stmt"/>
      <line num="6" count="2" type="stmt"/>
      <line num="8" count="2" type="stmt"/>
      <line num="9" count="7" type="stmt"/>
      <line num="10" count="7" type="cond" truecount="2" falsecount="0"/>
      <line num="11" count="3" type="stmt"/>
      <line num="12" count="3" type="stmt"/>
      <line num="13" count="3" type="stmt"/>
      <line num="15" count="4" type="stmt"/>
      <line num="16" count="4" type="stmt"/>
      <line num="21" count="1" type="stmt"/>
      <line num="24" count="1" type="stmt"/>
    </file>
  </project>
</coverage>
